<?xml version="1.0" encoding="UTF-8"?>
<!-- Generated by org.testng.reporters.JUnitReportReporter -->
<testsuite skipped="0" hostname="LAPTOP-5B5UA9BC" name="org.sam.ClassC" tests="3" failures="0" timestamp="15 Apr 2022 16:16:07 GMT" time="0.001" errors="0">
  <testcase name="tc8" time="0.000" classname="org.sam.ClassC"/>
  <testcase name="tc7" time="0.000" classname="org.sam.ClassC"/>
  <testcase name="tc9" time="0.001" classname="org.sam.ClassC"/>
</testsuite> <!-- org.sam.ClassC -->
