<?xml version="1.0" encoding="UTF-8"?>
<!-- Generated by org.testng.reporters.JUnitReportReporter -->
<testsuite skipped="0" hostname="LAPTOP-5B5UA9BC" name="org.sam.Sample1" tests="2" failures="0" timestamp="28 May 2022 10:14:29 GMT" time="6.972" errors="0">
  <testcase name="tc1" time="1.084" classname="org.sam.Sample1"/>
  <testcase name="tc1" time="5.888" classname="org.sam.Sample1"/>
</testsuite> <!-- org.sam.Sample1 -->
