<?xml version="1.0" encoding="UTF-8"?>
<!-- Generated by org.testng.reporters.JUnitReportReporter -->
<testsuite skipped="0" hostname="LAPTOP-5B5UA9BC" name="org.sam.A" tests="1" failures="0" timestamp="29 May 2022 18:24:57 GMT" time="0.001" errors="0">
  <testcase name="tc1" time="0.001" classname="org.sam.A"/>
</testsuite> <!-- org.sam.A -->
