<?xml version="1.0" encoding="UTF-8"?>
<!-- Generated by org.testng.reporters.JUnitReportReporter -->
<testsuite skipped="0" hostname="LAPTOP-5B5UA9BC" name="org.sam.locator" tests="1" failures="0" timestamp="28 Apr 2022 08:15:07 GMT" time="3.364" errors="0">
  <testcase name="tc1" time="3.364" classname="org.sam.locator"/>
</testsuite> <!-- org.sam.locator -->
