<?xml version="1.0" encoding="UTF-8"?>
<!-- Generated by org.testng.reporters.JUnitReportReporter -->
<testsuite skipped="0" hostname="LAPTOP-5B5UA9BC" name="org.sam.Parrel" tests="6" failures="0" timestamp="26 Apr 2022 07:04:15 GMT" time="0.055" errors="0">
  <testcase name="tc1" time="0.009" classname="org.sam.Parrel"/>
  <testcase name="tc3" time="0.009" classname="org.sam.Parrel"/>
  <testcase name="tc7" time="0.009" classname="org.sam.Parrel"/>
  <testcase name="tc5" time="0.009" classname="org.sam.Parrel"/>
  <testcase name="tc4" time="0.010" classname="org.sam.Parrel"/>
  <testcase name="tc6" time="0.009" classname="org.sam.Parrel"/>
</testsuite> <!-- org.sam.Parrel -->
