<?xml version="1.0" encoding="UTF-8"?>
<!-- Generated by org.testng.reporters.JUnitReportReporter -->
<testsuite skipped="0" hostname="LAPTOP-5B5UA9BC" name="org.sam.ClassB" tests="3" failures="0" timestamp="15 Apr 2022 16:16:07 GMT" time="0.015" errors="0">
  <testcase name="tc4" time="0.015" classname="org.sam.ClassB"/>
  <testcase name="tc5" time="0.000" classname="org.sam.ClassB"/>
  <testcase name="tc6" time="0.000" classname="org.sam.ClassB"/>
</testsuite> <!-- org.sam.ClassB -->
