<?xml version="1.0" encoding="UTF-8"?>
<!-- Generated by org.testng.reporters.JUnitReportReporter -->
<testsuite skipped="0" hostname="LAPTOP-5B5UA9BC" name="org.sam.ClassA" tests="3" failures="0" timestamp="27 May 2022 18:36:22 GMT" time="27.930" errors="0">
  <testcase name="tc1" time="9.427" classname="org.sam.ClassA"/>
  <testcase name="tc1" time="12.751" classname="org.sam.ClassA"/>
  <testcase name="tc1" time="5.752" classname="org.sam.ClassA"/>
</testsuite> <!-- org.sam.ClassA -->
