<?xml version="1.0" encoding="UTF-8"?>
<!-- Generated by org.testng.reporters.JUnitReportReporter -->
<testsuite skipped="0" hostname="LAPTOP-5B5UA9BC" name="org.sam.Sample2" tests="3" failures="0" timestamp="28 May 2022 09:46:22 GMT" time="0.006" errors="0">
  <testcase name="tc9" time="0.001" classname="org.sam.Sample2"/>
  <testcase name="tc9" time="0.002" classname="org.sam.Sample2"/>
  <testcase name="tc9" time="0.003" classname="org.sam.Sample2"/>
</testsuite> <!-- org.sam.Sample2 -->
