<?xml version="1.0" encoding="UTF-8"?>
<!-- Generated by org.testng.reporters.JUnitReportReporter -->
<testsuite skipped="0" hostname="LAPTOP-5B5UA9BC" name="org.sam.HotelApp" tests="1" failures="0" timestamp="28 May 2022 17:55:03 GMT" time="14.517" errors="0">
  <testcase name="login" time="14.517" classname="org.sam.HotelApp"/>
</testsuite> <!-- org.sam.HotelApp -->
